Build started 25/10/2012 22:35:05.
     1>Project "C:\Users\gabriel.guilherme\Documents\GitHub\TDC2012\CLI\MixedWrapper\MixedWrapper.vcxproj" on node 2 (build target(s)).
     1>InitializeBuildStatus:
         Creating "Debug\MixedWrapper.unsuccessfulbuild" because "AlwaysCreate" was specified.
       GenerateTargetFrameworkMonikerAttribute:
       Skipping target "GenerateTargetFrameworkMonikerAttribute" because all output files are up-to-date with respect to the input files.
       ClCompile:
         c:\Program Files (x86)\Microsoft Visual Studio 10.0\VC\bin\CL.exe /c /AI"C:\Program Files (x86)\Reference Assemblies\Microsoft\Framework\.NETFramework\v4.0" /Zi /clr /nologo /W3 /WX- /Od /Oy- /D WIN32 /D _DEBUG /D _WINDLL /D _UNICODE /D UNICODE /EHa /MDd /GS /fp:precise /Zc:wchar_t /Zc:forScope /Yc"StdAfx.h" /Fp"Debug\MixedWrapper.pch" /Fo"Debug\\" /Fd"Debug\vc100.pdb" /TP /FU"C:\Program Files (x86)\Reference Assemblies\Microsoft\Framework\.NETFramework\v4.0\System.Core.dll" /FU"C:\Program Files (x86)\Reference Assemblies\Microsoft\Framework\.NETFramework\v4.0\System.Data.dll" /FU"C:\Program Files (x86)\Reference Assemblies\Microsoft\Framework\.NETFramework\v4.0\System.dll" /FU"C:\Program Files (x86)\Reference Assemblies\Microsoft\Framework\.NETFramework\v4.0\System.Xml.dll" /analyze- /errorReport:prompt Stdafx.cpp /clr:nostdlib 
         Stdafx.cpp
         c:\Program Files (x86)\Microsoft Visual Studio 10.0\VC\bin\CL.exe /c /AI"C:\Program Files (x86)\Reference Assemblies\Microsoft\Framework\.NETFramework\v4.0" /Zi /clr /nologo /W3 /WX- /Od /Oy- /D WIN32 /D _DEBUG /D _WINDLL /D _UNICODE /D UNICODE /EHa /MDd /GS /fp:precise /Zc:wchar_t /Zc:forScope /Yu"StdAfx.h" /Fp"Debug\MixedWrapper.pch" /Fo"Debug\\" /Fd"Debug\vc100.pdb" /TP /FU"C:\Program Files (x86)\Reference Assemblies\Microsoft\Framework\.NETFramework\v4.0\System.Core.dll" /FU"C:\Program Files (x86)\Reference Assemblies\Microsoft\Framework\.NETFramework\v4.0\System.Data.dll" /FU"C:\Program Files (x86)\Reference Assemblies\Microsoft\Framework\.NETFramework\v4.0\System.dll" /FU"C:\Program Files (x86)\Reference Assemblies\Microsoft\Framework\.NETFramework\v4.0\System.Xml.dll" /analyze- /errorReport:prompt AssemblyInfo.cpp MixedWrapper.cpp NativeHandler.cpp /clr:nostdlib 
         AssemblyInfo.cpp
         MixedWrapper.cpp
     1>c:\users\gabriel.guilherme\documents\github\tdc2012\cli\mixedwrapper\MixedWrapper.h(24): warning C4358: '+=': return type of combined delegates is not 'void'; returned value is undefined
     1>c:\users\gabriel.guilherme\documents\github\tdc2012\cli\mixedwrapper\MixedWrapper.h(29): warning C4358: '-=': return type of combined delegates is not 'void'; returned value is undefined
     1>c:\users\gabriel.guilherme\documents\github\tdc2012\cli\mixedwrapper\MixedWrapper.h(47): warning C4358: '+=': return type of combined delegates is not 'void'; returned value is undefined
     1>c:\users\gabriel.guilherme\documents\github\tdc2012\cli\mixedwrapper\MixedWrapper.h(52): warning C4358: '-=': return type of combined delegates is not 'void'; returned value is undefined
         NativeHandler.cpp
     1>c:\users\gabriel.guilherme\documents\github\tdc2012\cli\mixedwrapper\MixedWrapper.h(24): warning C4358: '+=': return type of combined delegates is not 'void'; returned value is undefined
     1>c:\users\gabriel.guilherme\documents\github\tdc2012\cli\mixedwrapper\MixedWrapper.h(29): warning C4358: '-=': return type of combined delegates is not 'void'; returned value is undefined
     1>c:\users\gabriel.guilherme\documents\github\tdc2012\cli\mixedwrapper\MixedWrapper.h(47): warning C4358: '+=': return type of combined delegates is not 'void'; returned value is undefined
     1>c:\users\gabriel.guilherme\documents\github\tdc2012\cli\mixedwrapper\MixedWrapper.h(52): warning C4358: '-=': return type of combined delegates is not 'void'; returned value is undefined
         Generating Code...
         c:\Program Files (x86)\Microsoft Visual Studio 10.0\VC\bin\CL.exe /c /Zi /clr /nologo /W3 /WX- /Od /Oy- /D WIN32 /D _DEBUG /D _WINDLL /D _UNICODE /D UNICODE /EHa /MDd /GS /fp:precise /Zc:wchar_t /Zc:forScope /Fo"Debug\\" /Fd"Debug\vc100.pdb" /TP /analyze- /errorReport:prompt "C:\Users\gabriel.guilherme\AppData\Local\Temp\.NETFramework,Version=v4.0.AssemblyAttributes.cpp"
         .NETFramework,Version=v4.0.AssemblyAttributes.cpp
       ResourceCompile:
         C:\Program Files (x86)\Microsoft SDKs\Windows\v7.0A\bin\rc.exe /D _UNICODE /D UNICODE /l"0x0409" /nologo /fo"Debug\app.res" app.rc 
       Link:
         c:\Program Files (x86)\Microsoft Visual Studio 10.0\VC\bin\link.exe /ERRORREPORT:PROMPT /OUT:"C:\Users\gabriel.guilherme\Documents\GitHub\TDC2012\CLI\Debug\MixedWrapper.dll" /INCREMENTAL /NOLOGO /LIBPATH:C:\Users\gabriel.guilherme\Documents\GitHub\TDC2012\CLI\Debug\ /MANIFEST /ManifestFile:"Debug\MixedWrapper.dll.intermediate.manifest" /MANIFESTUAC:"level='asInvoker' uiAccess='false'" /DEBUG /PDB:"C:\Users\gabriel.guilherme\Documents\GitHub\TDC2012\CLI\Debug\MixedWrapper.pdb" /ASSEMBLYDEBUG /TLBID:1 /DYNAMICBASE /FIXED:NO /NXCOMPAT /MACHINE:X86 /DLL Debug\app.res
         Debug\AssemblyInfo.obj
         Debug\MixedWrapper.obj
         Debug\NativeHandler.obj
         Debug\Stdafx.obj
         "Debug\.NETFramework,Version=v4.0.AssemblyAttributes.obj"
     1>UnmanagedCore.lib(CoreWorker.obj) : warning LNK4075: ignoring '/EDITANDCONTINUE' due to '/INCREMENTAL:NO' specification
         MixedWrapper.vcxproj -> C:\Users\gabriel.guilherme\Documents\GitHub\TDC2012\CLI\Debug\MixedWrapper.dll
       Manifest:
         C:\Program Files (x86)\Microsoft SDKs\Windows\v7.0A\bin\mt.exe /nologo /verbose /outputresource:"C:\Users\gabriel.guilherme\Documents\GitHub\TDC2012\CLI\Debug\MixedWrapper.dll;#2" /manifest Debug\MixedWrapper.dll.intermediate.manifest
       FinalizeBuildStatus:
         Deleting file "Debug\MixedWrapper.unsuccessfulbuild".
         Touching "Debug\MixedWrapper.lastbuildstate".
     1>Done Building Project "C:\Users\gabriel.guilherme\Documents\GitHub\TDC2012\CLI\MixedWrapper\MixedWrapper.vcxproj" (build target(s)).

Build succeeded.

Time Elapsed 00:00:07.97
